<?xml version="1.0" encoding="UTF-8"?>
<?xml-stylesheet type="text/xsl" href="ivy-report.xsl"?>
<ivy-report version="1.0">
	<info
		organisation="default"
		module="default-f2c67b"
		revision="0.1-SNAPSHOT"
		extra-sbtVersion="0.12"
		extra-scalaVersion="2.9.2"
		conf="test"
		confs="compile, runtime, test, provided, optional, compile-internal, runtime-internal, test-internal, plugin, sources, docs, pom"
		date="20141009134750"/>
	<dependencies>
		<module organisation="com.blinkbox.books" name="sbt-rpmprep">
			<revision name="0.4.0" error="not found" extra-sbtVersion="0.12" extra-scalaVersion="2.9.2" downloaded="false" searched="false" conf="default(compile)" position="-1">
				<caller organisation="default" name="default-f2c67b" conf="test, compile, runtime" rev="0.4.0" rev-constraint-default="0.4.0" rev-constraint-dynamic="0.4.0" callerrev="0.1-SNAPSHOT" extra-sbtVersion="0.12" extra-scalaVersion="2.9.2"/>
				<artifacts>
				</artifacts>
			</revision>
		</module>
	</dependencies>
</ivy-report>
